# JRE version: OpenJDK Runtime Environment Temurin-21.0.10+7 (21.0.10+7) (build 21.0.10+7-LTS)
# Java VM: OpenJDK 64-Bit Server VM Temurin-21.0.10+7 (21.0.10+7-LTS, mixed mode, sharing, tiered, compressed oops, compressed class ptrs, parallel gc, windows-amd64)
GC Precious Log:
 CardTable entry size: 512
 CPUs: 4 total, 4 available
 Memory: 7991M
 Large Page Support: Disabled
 NUMA Support: Disabled
 Compressed Oops: Enabled (32-bit)
 Alignments: Space 512K, Generation 512K, Heap 2M
 Heap Min Capacity: 100M
 Heap Initial Capacity: 100M
 Heap Max Capacity: 2G
 Pre-touch: Disabled
 Parallel Workers: 4
Heap:
 PSYoungGen      total 11264K, used 5195K [0x00000000d5580000, 0x00000000d6180000, 0x0000000100000000)
  eden space 10240K, 43% used [0x00000000d5580000,0x00000000d59ce1b0,0x00000000d5f80000)
  from space 1024K, 76% used [0x00000000d5f80000,0x00000000d6044a60,0x00000000d6080000)
  to   space 1024K, 0% used [0x00000000d6080000,0x00000000d6080000,0x00000000d6180000)
 ParOldGen       total 101888K, used 101575K [0x0000000080000000, 0x0000000086380000, 0x00000000d5580000)
  object space 101888K, 99% used [0x0000000080000000,0x0000000086331c18,0x0000000086380000)
 Metaspace       used 67612K, committed 69120K, reserved 1114112K
  class space    used 7030K, committed 7680K, reserved 1048576K
GC Heap History (20 events):
Event: 50.332 GC heap before
{Heap before GC invocations=135 (full 3):
 PSYoungGen      total 11776K, used 11648K [0x00000000d5580000, 0x00000000d6280000, 0x0000000100000000)
  eden space 10752K, 100% used [0x00000000d5580000,0x00000000d6000000,0x00000000d6000000)
  from space 1024K, 87% used [0x00000000d6080000,0x00000000d6160000,0x00000000d6180000)
  to   space 1024K, 0% used [0x00000000d6180000,0x00000000d6180000,0x00000000d6280000)
 ParOldGen       total 93696K, used 93680K [0x0000000080000000, 0x0000000085b80000, 0x00000000d5580000)
  object space 93696K, 99% used [0x0000000080000000,0x0000000085b7c1c0,0x0000000085b80000)
 Metaspace       used 66571K, committed 68032K, reserved 1114112K
  class space    used 6927K, committed 7552K, reserved 1048576K
}
Event: 50.334 GC heap after
{Heap after GC invocations=135 (full 3):
 PSYoungGen      total 11776K, used 736K [0x00000000d5580000, 0x00000000d6280000, 0x0000000100000000)
  eden space 10752K, 0% used [0x00000000d5580000,0x00000000d5580000,0x00000000d6000000)
  from space 1024K, 71% used [0x00000000d6180000,0x00000000d6238000,0x00000000d6280000)
  to   space 1024K, 0% used [0x00000000d6080000,0x00000000d6080000,0x00000000d6180000)
 ParOldGen       total 94720K, used 94478K [0x0000000080000000, 0x0000000085c80000, 0x00000000d5580000)
  object space 94720K, 99% used [0x0000000080000000,0x0000000085c43b98,0x0000000085c80000)
 Metaspace       used 66571K, committed 68032K, reserved 1114112K
  class space    used 6927K, committed 7552K, reserved 1048576K
}
Event: 50.360 GC heap before
{Heap before GC invocations=136 (full 3):
 PSYoungGen      total 11776K, used 11488K [0x00000000d5580000, 0x00000000d6280000, 0x0000000100000000)
  eden space 10752K, 100% used [0x00000000d5580000,0x00000000d6000000,0x00000000d6000000)
  from space 1024K, 71% used [0x00000000d6180000,0x00000000d6238000,0x00000000d6280000)
  to   space 1024K, 0% used [0x00000000d6080000,0x00000000d6080000,0x00000000d6180000)
 ParOldGen       total 94720K, used 94478K [0x0000000080000000, 0x0000000085c80000, 0x00000000d5580000)
  object space 94720K, 99% used [0x0000000080000000,0x0000000085c43b98,0x0000000085c80000)
 Metaspace       used 66581K, committed 68032K, reserved 1114112K
  class space    used 6927K, committed 7552K, reserved 1048576K
}
Event: 50.362 GC heap after
{Heap after GC invocations=136 (full 3):
 PSYoungGen      total 11776K, used 832K [0x00000000d5580000, 0x00000000d6200000, 0x0000000100000000)
  eden space 10752K, 0% used [0x00000000d5580000,0x00000000d5580000,0x00000000d6000000)
  from space 1024K, 81% used [0x00000000d6080000,0x00000000d6150000,0x00000000d6180000)
  to   space 512K, 0% used [0x00000000d6180000,0x00000000d6180000,0x00000000d6200000)
 ParOldGen       total 95232K, used 95156K [0x0000000080000000, 0x0000000085d00000, 0x00000000d5580000)
  object space 95232K, 99% used [0x0000000080000000,0x0000000085ced0f0,0x0000000085d00000)
 Metaspace       used 66581K, committed 68032K, reserved 1114112K
  class space    used 6927K, committed 7552K, reserved 1048576K
}
Event: 50.384 GC heap before
{Heap before GC invocations=137 (full 3):
 PSYoungGen      total 11776K, used 11584K [0x00000000d5580000, 0x00000000d6200000, 0x0000000100000000)
  eden space 10752K, 100% used [0x00000000d5580000,0x00000000d6000000,0x00000000d6000000)
  from space 1024K, 81% used [0x00000000d6080000,0x00000000d6150000,0x00000000d6180000)
  to   space 512K, 0% used [0x00000000d6180000,0x00000000d6180000,0x00000000d6200000)
 ParOldGen       total 95232K, used 95156K [0x0000000080000000, 0x0000000085d00000, 0x00000000d5580000)
  object space 95232K, 99% used [0x0000000080000000,0x0000000085ced0f0,0x0000000085d00000)
 Metaspace       used 66582K, committed 68032K, reserved 1114112K
  class space    used 6927K, committed 7552K, reserved 1048576K
}
Event: 50.386 GC heap after
{Heap after GC invocations=137 (full 3):
 PSYoungGen      total 11264K, used 512K [0x00000000d5580000, 0x00000000d6300000, 0x0000000100000000)
  eden space 10752K, 0% used [0x00000000d5580000,0x00000000d5580000,0x00000000d6000000)
  from space 512K, 100% used [0x00000000d6180000,0x00000000d6200000,0x00000000d6200000)
  to   space 1536K, 0% used [0x00000000d6000000,0x00000000d6000000,0x00000000d6180000)
 ParOldGen       total 96256K, used 96028K [0x0000000080000000, 0x0000000085e00000, 0x00000000d5580000)
  object space 96256K, 99% used [0x0000000080000000,0x0000000085dc70f0,0x0000000085e00000)
 Metaspace       used 66582K, committed 68032K, reserved 1114112K
  class space    used 6927K, committed 7552K, reserved 1048576K
}
Event: 50.423 GC heap before
{Heap before GC invocations=138 (full 3):
 PSYoungGen      total 11264K, used 11264K [0x00000000d5580000, 0x00000000d6300000, 0x0000000100000000)
  eden space 10752K, 100% used [0x00000000d5580000,0x00000000d6000000,0x00000000d6000000)
  from space 512K, 100% used [0x00000000d6180000,0x00000000d6200000,0x00000000d6200000)
  to   space 1536K, 0% used [0x00000000d6000000,0x00000000d6000000,0x00000000d6180000)
 ParOldGen       total 96256K, used 96028K [0x0000000080000000, 0x0000000085e00000, 0x00000000d5580000)
  object space 96256K, 99% used [0x0000000080000000,0x0000000085dc70f0,0x0000000085e00000)
 Metaspace       used 66585K, committed 68032K, reserved 1114112K
  class space    used 6927K, committed 7552K, reserved 1048576K
}
Event: 50.425 GC heap after
{Heap after GC invocations=138 (full 3):
 PSYoungGen      total 12288K, used 960K [0x00000000d5580000, 0x00000000d6300000, 0x0000000100000000)
  eden space 10752K, 0% used [0x00000000d5580000,0x00000000d5580000,0x00000000d6000000)
  from space 1536K, 62% used [0x00000000d6000000,0x00000000d60f0010,0x00000000d6180000)
  to   space 1536K, 0% used [0x00000000d6180000,0x00000000d6180000,0x00000000d6300000)
 ParOldGen       total 96768K, used 96548K [0x0000000080000000, 0x0000000085e80000, 0x00000000d5580000)
  object space 96768K, 99% used [0x0000000080000000,0x0000000085e490f0,0x0000000085e80000)
 Metaspace       used 66585K, committed 68032K, reserved 1114112K
  class space    used 6927K, committed 7552K, reserved 1048576K
}
Event: 50.490 GC heap before
{Heap before GC invocations=139 (full 3):
 PSYoungGen      total 12288K, used 11712K [0x00000000d5580000, 0x00000000d6300000, 0x0000000100000000)
  eden space 10752K, 100% used [0x00000000d5580000,0x00000000d6000000,0x00000000d6000000)
  from space 1536K, 62% used [0x00000000d6000000,0x00000000d60f0010,0x00000000d6180000)
  to   space 1536K, 0% used [0x00000000d6180000,0x00000000d6180000,0x00000000d6300000)
 ParOldGen       total 96768K, used 96548K [0x0000000080000000, 0x0000000085e80000, 0x00000000d5580000)
  object space 96768K, 99% used [0x0000000080000000,0x0000000085e490f0,0x0000000085e80000)
 Metaspace       used 66595K, committed 68032K, reserved 1114112K
  class space    used 6927K, committed 7552K, reserved 1048576K
}
Event: 50.492 GC heap after
{Heap after GC invocations=139 (full 3):
 PSYoungGen      total 11776K, used 768K [0x00000000d5580000, 0x00000000d6280000, 0x0000000100000000)
  eden space 10752K, 0% used [0x00000000d5580000,0x00000000d5580000,0x00000000d6000000)
  from space 1024K, 75% used [0x00000000d6180000,0x00000000d6240000,0x00000000d6280000)
  to   space 1024K, 0% used [0x00000000d6080000,0x00000000d6080000,0x00000000d6180000)
 ParOldGen       total 97792K, used 97484K [0x0000000080000000, 0x0000000085f80000, 0x00000000d5580000)
  object space 97792K, 99% used [0x0000000080000000,0x0000000085f33100,0x0000000085f80000)
 Metaspace       used 66595K, committed 68032K, reserved 1114112K
  class space    used 6927K, committed 7552K, reserved 1048576K
}
Event: 50.525 GC heap before
{Heap before GC invocations=140 (full 3):
 PSYoungGen      total 11776K, used 11520K [0x00000000d5580000, 0x00000000d6280000, 0x0000000100000000)
  eden space 10752K, 100% used [0x00000000d5580000,0x00000000d6000000,0x00000000d6000000)
  from space 1024K, 75% used [0x00000000d6180000,0x00000000d6240000,0x00000000d6280000)
  to   space 1024K, 0% used [0x00000000d6080000,0x00000000d6080000,0x00000000d6180000)
 ParOldGen       total 97792K, used 97484K [0x0000000080000000, 0x0000000085f80000, 0x00000000d5580000)
  object space 97792K, 99% used [0x0000000080000000,0x0000000085f33100,0x0000000085f80000)
 Metaspace       used 66595K, committed 68032K, reserved 1114112K
  class space    used 6927K, committed 7552K, reserved 1048576K
}
Event: 50.527 GC heap after
{Heap after GC invocations=140 (full 3):
 PSYoungGen      total 11776K, used 864K [0x00000000d5580000, 0x00000000d6200000, 0x0000000100000000)
  eden space 10752K, 0% used [0x00000000d5580000,0x00000000d5580000,0x00000000d6000000)
  from space 1024K, 84% used [0x00000000d6080000,0x00000000d6158000,0x00000000d6180000)
  to   space 512K, 0% used [0x00000000d6180000,0x00000000d6180000,0x00000000d6200000)
 ParOldGen       total 98304K, used 98212K [0x0000000080000000, 0x0000000086000000, 0x00000000d5580000)
  object space 98304K, 99% used [0x0000000080000000,0x0000000085fe9100,0x0000000086000000)
 Metaspace       used 66595K, committed 68032K, reserved 1114112K
  class space    used 6927K, committed 7552K, reserved 1048576K
}
Event: 50.555 GC heap before
{Heap before GC invocations=141 (full 3):
 PSYoungGen      total 11776K, used 11616K [0x00000000d5580000, 0x00000000d6200000, 0x0000000100000000)
  eden space 10752K, 100% used [0x00000000d5580000,0x00000000d6000000,0x00000000d6000000)
  from space 1024K, 84% used [0x00000000d6080000,0x00000000d6158000,0x00000000d6180000)
  to   space 512K, 0% used [0x00000000d6180000,0x00000000d6180000,0x00000000d6200000)
 ParOldGen       total 98304K, used 98212K [0x0000000080000000, 0x0000000086000000, 0x00000000d5580000)
  object space 98304K, 99% used [0x0000000080000000,0x0000000085fe9100,0x0000000086000000)
 Metaspace       used 66595K, committed 68032K, reserved 1114112K
  class space    used 6927K, committed 7552K, reserved 1048576K
}
Event: 50.557 GC heap after
{Heap after GC invocations=141 (full 3):
 PSYoungGen      total 10752K, used 512K [0x00000000d5580000, 0x00000000d6400000, 0x0000000100000000)
  eden space 10240K, 0% used [0x00000000d5580000,0x00000000d5580000,0x00000000d5f80000)
  from space 512K, 100% used [0x00000000d6180000,0x00000000d6200000,0x00000000d6200000)
  to   space 2048K, 0% used [0x00000000d5f80000,0x00000000d5f80000,0x00000000d6180000)
 ParOldGen       total 99840K, used 99508K [0x0000000080000000, 0x0000000086180000, 0x00000000d5580000)
  object space 99840K, 99% used [0x0000000080000000,0x000000008612d100,0x0000000086180000)
 Metaspace       used 66595K, committed 68032K, reserved 1114112K
  class space    used 6927K, committed 7552K, reserved 1048576K
}
Event: 50.653 GC heap before
{Heap before GC invocations=142 (full 3):
 PSYoungGen      total 10752K, used 10752K [0x00000000d5580000, 0x00000000d6400000, 0x0000000100000000)
  eden space 10240K, 100% used [0x00000000d5580000,0x00000000d5f80000,0x00000000d5f80000)
  from space 512K, 100% used [0x00000000d6180000,0x00000000d6200000,0x00000000d6200000)
  to   space 2048K, 0% used [0x00000000d5f80000,0x00000000d5f80000,0x00000000d6180000)
 ParOldGen       total 99840K, used 99508K [0x0000000080000000, 0x0000000086180000, 0x00000000d5580000)
  object space 99840K, 99% used [0x0000000080000000,0x000000008612d100,0x0000000086180000)
 Metaspace       used 66595K, committed 68032K, reserved 1114112K
  class space    used 6927K, committed 7552K, reserved 1048576K
}
Event: 50.656 GC heap after
{Heap after GC invocations=142 (full 3):
 PSYoungGen      total 11264K, used 736K [0x00000000d5580000, 0x00000000d6280000, 0x0000000100000000)
  eden space 10240K, 0% used [0x00000000d5580000,0x00000000d5580000,0x00000000d5f80000)
  from space 1024K, 71% used [0x00000000d5f80000,0x00000000d6038000,0x00000000d6080000)
  to   space 1536K, 0% used [0x00000000d6100000,0x00000000d6100000,0x00000000d6280000)
 ParOldGen       total 100352K, used 100031K [0x0000000080000000, 0x0000000086200000, 0x00000000d5580000)
  object space 100352K, 99% used [0x0000000080000000,0x00000000861afc18,0x0000000086200000)
 Metaspace       used 66595K, committed 68032K, reserved 1114112K
  class space    used 6927K, committed 7552K, reserved 1048576K
}
Event: 50.700 GC heap before
{Heap before GC invocations=143 (full 3):
 PSYoungGen      total 11264K, used 10976K [0x00000000d5580000, 0x00000000d6280000, 0x0000000100000000)
  eden space 10240K, 100% used [0x00000000d5580000,0x00000000d5f80000,0x00000000d5f80000)
  from space 1024K, 71% used [0x00000000d5f80000,0x00000000d6038000,0x00000000d6080000)
  to   space 1536K, 0% used [0x00000000d6100000,0x00000000d6100000,0x00000000d6280000)
 ParOldGen       total 100352K, used 100031K [0x0000000080000000, 0x0000000086200000, 0x00000000d5580000)
  object space 100352K, 99% used [0x0000000080000000,0x00000000861afc18,0x0000000086200000)
 Metaspace       used 66658K, committed 68096K, reserved 1114112K
  class space    used 6933K, committed 7552K, reserved 1048576K
}
Event: 50.702 GC heap after
{Heap after GC invocations=143 (full 3):
 PSYoungGen      total 11264K, used 864K [0x00000000d5580000, 0x00000000d6200000, 0x0000000100000000)
  eden space 10240K, 0% used [0x00000000d5580000,0x00000000d5580000,0x00000000d5f80000)
  from space 1024K, 84% used [0x00000000d6100000,0x00000000d61d8000,0x00000000d6200000)
  to   space 1024K, 0% used [0x00000000d5f80000,0x00000000d5f80000,0x00000000d6080000)
 ParOldGen       total 100864K, used 100759K [0x0000000080000000, 0x0000000086280000, 0x00000000d5580000)
  object space 100864K, 99% used [0x0000000080000000,0x0000000086265c18,0x0000000086280000)
 Metaspace       used 66658K, committed 68096K, reserved 1114112K
  class space    used 6933K, committed 7552K, reserved 1048576K
}
Event: 51.581 GC heap before
{Heap before GC invocations=144 (full 3):
 PSYoungGen      total 11264K, used 11103K [0x00000000d5580000, 0x00000000d6200000, 0x0000000100000000)
  eden space 10240K, 99% used [0x00000000d5580000,0x00000000d5f7fff8,0x00000000d5f80000)
  from space 1024K, 84% used [0x00000000d6100000,0x00000000d61d8000,0x00000000d6200000)
  to   space 1024K, 0% used [0x00000000d5f80000,0x00000000d5f80000,0x00000000d6080000)
 ParOldGen       total 100864K, used 100759K [0x0000000080000000, 0x0000000086280000, 0x00000000d5580000)
  object space 100864K, 99% used [0x0000000080000000,0x0000000086265c18,0x0000000086280000)
 Metaspace       used 67395K, committed 68928K, reserved 1114112K
  class space    used 7008K, committed 7680K, reserved 1048576K
}
Event: 51.583 GC heap after
{Heap after GC invocations=144 (full 3):
 PSYoungGen      total 11264K, used 786K [0x00000000d5580000, 0x00000000d6180000, 0x0000000100000000)
  eden space 10240K, 0% used [0x00000000d5580000,0x00000000d5580000,0x00000000d5f80000)
  from space 1024K, 76% used [0x00000000d5f80000,0x00000000d6044a60,0x00000000d6080000)
  to   space 1024K, 0% used [0x00000000d6080000,0x00000000d6080000,0x00000000d6180000)
 ParOldGen       total 101888K, used 101575K [0x0000000080000000, 0x0000000086380000, 0x00000000d5580000)
  object space 101888K, 99% used [0x0000000080000000,0x0000000086331c18,0x0000000086380000)
 Metaspace       used 67395K, committed 68928K, reserved 1114112K
  class space    used 7008K, committed 7680K, reserved 1048576K
}

